please read token from local env rather hard code!
Example app listening on port 8000!
Database is connected ... nn
please read token from local env rather hard code!
Example app listening on port 8000!
Database is connected ... nn
Error while performing Query.
Error while performing Query.
Error while performing Query.
Error while performing Query.
Error while performing Query.
Error while performing Query.
Error while performing Query.
SELECT id, type, title, created_at, tags, overview from articles
SELECT id, type, title, created_at, tags, overview from articles
SELECT id, type, title, created_at, tags, overview from articles
SELECT id, type, title, created_at, tags, overview from articles
SELECT id, type, title, created_at, tags, overview from articles
SELECT id, type, title, created_at, tags, overview from articles
SELECT id, type, title, created_at, tags, overview from articles
SELECT id, type, title, created_at, tags, overview from articles
SELECT id, type, title, created_at, tags, overview from articles
SELECT id, type, title, created_at, tags, overview from articles
SELECT id, type, title, created_at, tags, overview from articles
SELECT id, type, title, created_at, tags, overview from articles
SELECT id, type, title, created_at, tags, overview from articles
SELECT id, type, title, created_at, tags, overview from articles
SELECT id, type, title, created_at, tags, overview from articles
SELECT id, type, title, created_at, tags, overview from articles
SELECT id, type, title, created_at, tags, overview from articles
SELECT id, type, title, created_at, tags, overview from articles
SELECT id, type, title, created_at, tags, overview from articles
SELECT id, type, title, created_at, tags, overview from articles
SELECT id, type, title, created_at, tags, overview from articles
SELECT id, type, title, created_at, tags, overview from articles
SELECT id, type, title, created_at, tags, overview from articles
SELECT id, type, title, created_at, tags, overview from articles
SELECT id, type, title, created_at, tags, overview from articles
SELECT id, type, title, created_at, tags, overview from articles where type = "psy"
SELECT id, type, title, created_at, tags, overview from articles where type = "read"
SELECT id, type, title, created_at, tags, overview from articles where type = "read"
SELECT id, type, title, created_at, tags, overview from articles where type = "psy"
SELECT id, type, title, created_at, tags, overview from articles where type = "read"
SELECT id, type, title, created_at, tags, overview from articles where type = "psy"
SELECT id, type, title, created_at, tags, overview from articles where type = "tech"
SELECT id, type, title, created_at, tags, overview from articles where type = "tech"
SELECT id, type, title, created_at, tags, overview from articles where type = "psy"
SELECT id, type, title, created_at, tags, overview from articles where type = "read"
SELECT id, type, title, created_at, tags, overview from articles where type = "psy"
SELECT id, type, title, created_at, tags, overview from articles where type = "read"
SELECT id, type, title, created_at, tags, overview from articles where type = "travel"
SELECT id, type, title, created_at, tags, overview from articles where type = "travel"
SELECT id, type, title, created_at, tags, overview from articles where type = "psy"
SELECT id, type, title, created_at, tags, overview from articles where type = "tech"
SELECT id, type, title, created_at, tags, overview from articles where type = "psy"
SELECT id, type, title, created_at, tags, overview from articles where type = "read"
SELECT id, type, title, created_at, tags, overview from articles where type = "psy"
SELECT id, type, title, created_at, tags, overview from articles where type = "psy"
SELECT id, type, title, created_at, tags, overview from articles where type = "read"
SELECT id, type, title, created_at, tags, overview from articles where type = "tech"
SELECT id, type, title, created_at, tags, overview from articles where type = "tech"
SELECT id, type, title, created_at, tags, overview from articles where type = "psy"
SELECT id, type, title, created_at, tags, overview from articles where type = "read"
SELECT id, type, title, created_at, tags, overview from articles where type = "psy"
SELECT id, type, title, created_at, tags, overview from articles where type = "read"
SELECT id, type, title, created_at, tags, overview from articles where type = "read"
SELECT id, type, title, created_at, tags, overview from articles where type = "psy"
SELECT id, type, title, created_at, tags, overview from articles where type = "read"
SELECT id, type, title, created_at, tags, overview from articles where type = "read"
SELECT id, type, title, created_at, tags, overview from articles where type = "psy"
SELECT id, type, title, created_at, tags, overview from articles where type = "tech"
SELECT id, type, title, created_at, tags, overview from articles where type = "tech"
SELECT id, type, title, created_at, tags, overview from articles where type = "psy"
SELECT id, type, title, created_at, tags, overview from articles where type = "read"
SELECT id, type, title, created_at, tags, overview from articles where type = "read"
SELECT id, type, title, created_at, tags, overview from articles where type = "read"
SELECT id, type, title, created_at, tags, overview from articles where type = "read"
SELECT id, type, title, created_at, tags, overview from articles where type = "tech"
SELECT id, type, title, created_at, tags, overview from articles where type = "psy"
SELECT id, type, title, created_at, tags, overview from articles where type = "read"
SELECT id, type, title, created_at, tags, overview from articles where type = "read"
SELECT id, type, title, created_at, tags, overview from articles where type = "read"
SELECT id, type, title, created_at, tags, overview from articles where type = "read"
SELECT id, type, title, created_at, tags, overview from articles where type = "read"
SELECT id, type, title, created_at, tags, overview from articles where type = "read"
SELECT id, type, title, created_at, tags, overview from articles where type = "read"
SELECT id, type, title, created_at, tags, overview from articles where type = "read"
SELECT id, type, title, created_at, tags, overview from articles where type = "read"
SELECT id, type, title, created_at, tags, overview from articles where type = "read"
SELECT id, type, title, created_at, tags, overview from articles where type = "read"
SELECT id, type, title, created_at, tags, overview from articles where type = "tech"
SELECT id, type, title, created_at, tags, overview from articles where type = "psy"
SELECT id, type, title, created_at, tags, overview from articles
SELECT id, type, title, created_at, tags, overview from articles
SELECT id, type, title, created_at, tags, overview from articles where type = "read"
SELECT id, type, title, created_at, tags, overview from articles where type = "psy"
SELECT id, type, title, created_at, tags, overview from articles where type = "read"
SELECT id, type, title, created_at, tags, overview from articles where type = "read"
SELECT id, type, title, created_at, tags, overview from articles where type = "psy"
SELECT id, type, title, created_at, tags, overview from articles where type = "read"
SELECT id, type, title, created_at, tags, overview from articles where type = "travel"
SELECT id, type, title, created_at, tags, overview from articles where type = "tech"
SELECT id, type, title, created_at, tags, overview from articles where type = "psy"
SELECT id, type, title, created_at, tags, overview from articles where type = "read"
SELECT id, type, title, created_at, tags, overview from articles
SELECT id, type, title, created_at, tags, overview from articles
SELECT id, type, title, created_at, tags, overview from articles
SELECT id, type, title, created_at, tags, overview from articles
SELECT id, type, title, created_at, tags, overview from articles where type = "psy"
SELECT id, type, title, created_at, tags, overview from articles where type = "psy"
SELECT id, type, title, created_at, tags, overview from articles where type = "psy"
SELECT id, type, title, created_at, tags, overview from articles where type = "read"
SELECT id, type, title, created_at, tags, overview from articles where type = "read"
SELECT id, type, title, created_at, tags, overview from articles where type = "read"
SELECT id, type, title, created_at, tags, overview from articles where type = "tech"
SELECT id, type, title, created_at, tags, overview from articles
SELECT id, type, title, created_at, tags, overview from articles
SELECT id, type, title, created_at, tags, overview from articles
SELECT id, type, title, created_at, tags, overview from articles
SELECT id, type, title, created_at, tags, overview from articles where type = "psy"
SELECT id, type, title, created_at, tags, overview from articles where type = "read"
SELECT id, type, title, created_at, tags, overview from articles where type = "travel"
SELECT id, type, title, created_at, tags, overview from articles where type = "read"
SELECT id, type, title, created_at, tags, overview from articles where type = "psy"
SELECT id, type, title, created_at, tags, overview from articles where type = "tech"
SELECT id, type, title, created_at, tags, overview from articles where type = "read"
SELECT id, type, title, created_at, tags, overview from articles where type = "psy"
SELECT id, type, title, created_at, tags, overview from articles where type = "read"
SELECT id, type, title, created_at, tags, overview from articles where type = "psy"
SELECT id, type, title, created_at, tags, overview from articles where type = "psy"
SELECT id, type, title, created_at, tags, overview from articles where type = "read"
SELECT id, type, title, created_at, tags, overview from articles where type = "tech"
SELECT id, type, title, created_at, tags, overview from articles where type = "read"
SELECT id, type, title, created_at, tags, overview from articles where type = "travel"
SELECT id, type, title, created_at, tags, overview from articles where type = "read"
SELECT id, type, title, created_at, tags, overview from articles where type = "read"
SELECT id, type, title, created_at, tags, overview from articles where type = "psy"
SELECT id, type, title, created_at, tags, overview from articles where type = "tech"
SELECT id, type, title, created_at, tags, overview from articles where type = "tech"
SELECT id, type, title, created_at, tags, overview from articles where type = "read"
SELECT id, type, title, created_at, tags, overview from articles where type = "read"
SELECT id, type, title, created_at, tags, overview from articles where type = "psy"
SELECT id, type, title, created_at, tags, overview from articles where type = "tech"
SELECT id, type, title, created_at, tags, overview from articles where type = "read"
SELECT id, type, title, created_at, tags, overview from articles where type = "travel"
SELECT id, type, title, created_at, tags, overview from articles where type = "travel"
SELECT id, type, title, created_at, tags, overview from articles
SELECT id, type, title, created_at, tags, overview from articles where type = "read"
SELECT id, type, title, created_at, tags, overview from articles
SELECT id, type, title, created_at, tags, overview from articles
SELECT id, type, title, created_at, tags, overview from articles
SELECT id, type, title, created_at, tags, overview from articles
SELECT id, type, title, created_at, tags, overview from articles
SELECT id, type, title, created_at, tags, overview from articles
SELECT id, type, title, created_at, tags, overview from articles
SELECT id, type, title, created_at, tags, overview from articles
SELECT id, type, title, created_at, tags, overview from articles
SELECT id, type, title, created_at, tags, overview from articles
SELECT id, type, title, created_at, tags, overview from articles
SELECT id, type, title, created_at, tags, overview from articles
SELECT id, type, title, created_at, tags, overview from articles
SELECT id, type, title, created_at, tags, overview from articles
SELECT id, type, title, created_at, tags, overview from articles
SELECT id, type, title, created_at, tags, overview from articles
SELECT id, type, title, created_at, tags, overview from articles
SELECT id, type, title, created_at, tags, overview from articles
SELECT id, type, title, created_at, tags, overview from articles
SELECT id, type, title, created_at, tags, overview from articles
SELECT id, type, title, created_at, tags, overview from articles
SELECT id, type, title, created_at, tags, overview from articles
SELECT id, type, title, created_at, tags, overview from articles
SELECT id, type, title, created_at, tags, overview from articles
SELECT id, type, title, created_at, tags, overview from articles
SELECT id, type, title, created_at, tags, overview from articles
SELECT id, type, title, created_at, tags, overview from articles
SELECT id, type, title, created_at, tags, overview from articles
SELECT id, type, title, created_at, tags, overview from articles
SELECT id, type, title, created_at, tags, overview from articles
SELECT id, type, title, created_at, tags, overview from articles
SELECT id, type, title, created_at, tags, overview from articles
SELECT id, type, title, created_at, tags, overview from articles
SELECT id, type, title, created_at, tags, overview from articles
SELECT id, type, title, created_at, tags, overview from articles
SELECT id, type, title, created_at, tags, overview from articles
SELECT id, type, title, created_at, tags, overview from articles
SELECT id, type, title, created_at, tags, overview from articles
SELECT id, type, title, created_at, tags, overview from articles
SELECT id, type, title, created_at, tags, overview from articles
SELECT id, type, title, created_at, tags, overview from articles
SELECT id, type, title, created_at, tags, overview from articles
SELECT id, type, title, created_at, tags, overview from articles
SELECT id, type, title, created_at, tags, overview from articles
SELECT id, type, title, created_at, tags, overview from articles
SELECT id, type, title, created_at, tags, overview from articles
SELECT id, type, title, created_at, tags, overview from articles
SELECT id, type, title, created_at, tags, overview from articles
SELECT id, type, title, created_at, tags, overview from articles
SELECT id, type, title, created_at, tags, overview from articles
SELECT id, type, title, created_at, tags, overview from articles
SELECT id, type, title, created_at, tags, overview from articles
SELECT id, type, title, created_at, tags, overview from articles
SELECT id, type, title, created_at, tags, overview from articles
SELECT id, type, title, created_at, tags, overview from articles
SELECT id, type, title, created_at, tags, overview from articles
SELECT id, type, title, created_at, tags, overview from articles
SELECT id, type, title, created_at, tags, overview from articles
SELECT id, type, title, created_at, tags, overview from articles
SELECT id, type, title, created_at, tags, overview from articles
SELECT id, type, title, created_at, tags, overview from articles
SELECT id, type, title, created_at, tags, overview from articles
SELECT id, type, title, created_at, tags, overview from articles
SELECT id, type, title, created_at, tags, overview from articles
SELECT id, type, title, created_at, tags, overview from articles
SELECT id, type, title, created_at, tags, overview from articles
SELECT id, type, title, created_at, tags, overview from articles
SELECT id, type, title, created_at, tags, overview from articles
SELECT id, type, title, created_at, tags, overview from articles
SELECT id, type, title, created_at, tags, overview from articles
SELECT id, type, title, created_at, tags, overview from articles
SELECT id, type, title, created_at, tags, overview from articles
SELECT id, type, title, created_at, tags, overview from articles
SELECT id, type, title, created_at, tags, overview from articles
SELECT id, type, title, created_at, tags, overview from articles
SELECT id, type, title, created_at, tags, overview from articles
SELECT id, type, title, created_at, tags, overview from articles
SELECT id, type, title, created_at, tags, overview from articles
SELECT id, type, title, created_at, tags, overview from articles
SELECT id, type, title, created_at, tags, overview from articles
SELECT id, type, title, created_at, tags, overview from articles
SELECT id, type, title, created_at, tags, overview from articles
SELECT id, type, title, created_at, tags, overview from articles
SELECT id, type, title, created_at, tags, overview from articles
SELECT id, type, title, created_at, tags, overview from articles
SELECT id, type, title, created_at, tags, overview from articles
SELECT id, type, title, created_at, tags, overview from articles
SELECT id, type, title, created_at, tags, overview from articles
SELECT id, type, title, created_at, tags, overview from articles
SELECT id, type, title, created_at, tags, overview from articles
SELECT id, type, title, created_at, tags, overview from articles
SELECT id, type, title, created_at, tags, overview from articles
SELECT id, type, title, created_at, tags, overview from articles
SELECT id, type, title, created_at, tags, overview from articles
SELECT id, type, title, created_at, tags, overview from articles
SELECT id, type, title, created_at, tags, overview from articles
SELECT id, type, title, created_at, tags, overview from articles
SELECT id, type, title, created_at, tags, overview from articles
SELECT id, type, title, created_at, tags, overview from articles
SELECT id, type, title, created_at, tags, overview from articles
SELECT id, type, title, created_at, tags, overview from articles
SELECT id, type, title, created_at, tags, overview from articles
SELECT id, type, title, created_at, tags, overview from articles
SELECT id, type, title, created_at, tags, overview from articles
SELECT id, type, title, created_at, tags, overview from articles
SELECT id, type, title, created_at, tags, overview from articles
SELECT id, type, title, created_at, tags, overview from articles
SELECT id, type, title, created_at, tags, overview from articles
SELECT id, type, title, created_at, tags, overview from articles
SELECT id, type, title, created_at, tags, overview from articles
events.js:183
      throw er; // Unhandled 'error' event
      ^

Error: Connection lost: The server closed the connection.
    at Protocol.end (/Users/yefeitang/Documents/projects/blog-api/node_modules/mysql/lib/protocol/Protocol.js:112:13)
    at Socket.<anonymous> (/Users/yefeitang/Documents/projects/blog-api/node_modules/mysql/lib/Connection.js:97:28)
    at Socket.<anonymous> (/Users/yefeitang/Documents/projects/blog-api/node_modules/mysql/lib/Connection.js:525:10)
    at emitNone (events.js:111:20)
    at Socket.emit (events.js:208:7)
    at endReadableNT (_stream_readable.js:1064:12)
    at _combinedTickCallback (internal/process/next_tick.js:138:11)
    at process._tickCallback (internal/process/next_tick.js:180:9)
